[debug] [2020-12-29T09:19:35.317Z] ----------------------------------------------------------------------
[debug] [2020-12-29T09:19:35.319Z] Command:       C:\Program Files\nodejs\node.exe C:\Users\Student\AppData\Roaming\npm\node_modules\firebase-tools\lib\bin\firebase.js init
[debug] [2020-12-29T09:19:35.320Z] CLI Version:   9.1.0
[debug] [2020-12-29T09:19:35.320Z] Platform:      win32
[debug] [2020-12-29T09:19:35.320Z] Node Version:  v14.15.1
[debug] [2020-12-29T09:19:35.325Z] Time:          Tue Dec 29 2020 11:19:35 GMT+0200 (Eastern European Standard Time)
[debug] [2020-12-29T09:19:35.325Z] ----------------------------------------------------------------------
[debug] [2020-12-29T09:19:35.325Z] 
[debug] [2020-12-29T09:19:35.330Z] >>> [apiv2][query] GET https://firebase-public.firebaseio.com/cli.json [none]
[debug] [2020-12-29T09:19:35.355Z] > command requires scopes: ["email","openid","https://www.googleapis.com/auth/cloudplatformprojects.readonly","https://www.googleapis.com/auth/firebase","https://www.googleapis.com/auth/cloud-platform"]
[debug] [2020-12-29T09:19:35.357Z] > authorizing via signed-in user
[info] 
     ######## #### ########  ######## ########     ###     ######  ########
     ##        ##  ##     ## ##       ##     ##  ##   ##  ##       ##
     ######    ##  ########  ######   ########  #########  ######  ######
     ##        ##  ##    ##  ##       ##     ## ##     ##       ## ##
     ##       #### ##     ## ######## ########  ##     ##  ######  ########

You're about to initialize a Firebase project in this directory:

  D:\symptometa

[debug] [2020-12-29T09:19:36.182Z] <<< [apiv2][status] GET https://firebase-public.firebaseio.com/cli.json 200
[debug] [2020-12-29T09:19:36.184Z] <<< [apiv2][body] GET https://firebase-public.firebaseio.com/cli.json {"cloudBuildErrorAfter":1594252800000,"cloudBuildWarnAfter":1590019200000,"defaultNode10After":1594252800000,"minVersion":"3.0.5","node8DeploysDisabledAfter":1613390400000,"node8RuntimeDisabledAfter":1615809600000,"node8WarnAfter":1600128000000}
